INFO:  Teraphone F1 ligando...
INFO:  Teraphone F1 Estï¿½ conectado!!
INFO: Teraphone F1 foi  desconectado com sucesso
INFO:  Teraphone F1 desligando....
Error: Teraphone F1, nï¿½o da para desligar, pois jï¿½ estï¿½ desligado
INFO:  Teraphone F1 ligando...
Error:  Teraphone F1 Jï¿½ estï¿½ ligado!
INFO:  Teraphone F1 ligando...
INFO:  Teraphone F1 Estï¿½ conectado!!
Error:  Teraphone F1 Jï¿½ estï¿½ conectado!!!
INFO: Teraphone F1 foi  desconectado com sucesso
INFO:  Teraphone F1 desligando....
Error: Teraphone F1, nï¿½o da para desligar, pois jï¿½ estï¿½ desligado
INFO:  Teraphone F1 ligando...
Error:  Teraphone F1 Jï¿½ estï¿½ ligado!
INFO:  Teraphone F1 ligando...
INFO:  Teraphone F1 Estï¿½ conectado!!
Error:  Teraphone F1 Jï¿½ estï¿½ conectado!!!
INFO: Teraphone F1 foi  desconectado com sucesso
Error: Teraphone F1 estï¿½ ligado, mas nï¿½o estï¿½ CONECTADO.
INFO:  Teraphone F1 desligando....
Error: Teraphone F1, nï¿½o da para desligar, pois jï¿½ estï¿½ desligado
INFO:  Teraphone F1 ligando...
Error:  Teraphone F1 Jï¿½ estï¿½ ligado!

INFO:  Teraphone F1 ligando...
INFO:  Teraphone F1 Estï¿½ conectado!!
Error:  Teraphone F1 Jï¿½ estï¿½ conectado!!!
INFO: Teraphone F1 foi  desconectado com sucesso
Error: Teraphone F1 Jï¿½ estï¿½ conectado!!!.
INFO:  Teraphone F1 desligando....
Error: Teraphone F1, nï¿½o da para desligar, pois jï¿½ estï¿½ desligado
INFO:  Teraphone F1 ligando...
Error:  Teraphone F1 Jï¿½ estï¿½ ligado!
INFO:  Teraphone F1 ligando...
INFO:  Teraphone F1 Estï¿½ conectado!!
Error:  Teraphone F1 Jï¿½ estï¿½ conectado!!!
INFO: Teraphone F1 foi  desconectado com sucesso
Error: Teraphone F1 Jï¿½ foi  desconectado!!!.
INFO:  Teraphone F1 desligando....
Error: Teraphone F1, nï¿½o da para desligar, pois jï¿½ estï¿½ desligado
INFO:  Teraphone F1 ligando...
Error:  Teraphone F1 Jï¿½ estï¿½ ligado!
INFO:  Teraphone F1 ligando...
INFO:  Teraphone F1 Estï¿½ conectado!!
Error:  Teraphone F1 Jï¿½ estï¿½ conectado!!!
INFO: Teraphone F1 foi  desconectado com sucesso
Error: Teraphone F1 Jï¿½ foi  desconectado!!!.
INFO:  Teraphone F1 desligando....
Error: Teraphone F1, nï¿½o da para desligar, pois jï¿½ estï¿½ desligado
INFO:  Teraphone F1 ligando...
Error:  Teraphone F1 Jï¿½ estï¿½ ligado!

INFO:  Teraphone F1 ligando...
INFO:  Teraphone F1 Está conectado!!
Error:  Teraphone F1 Já está conectado!!!
INFO: Teraphone F1 foi  desconectado com sucesso
Error: Teraphone F1 Já foi  desconectado!!!.
INFO:  Teraphone F1 desligando....
Error: Teraphone F1, não da para desligar, pois já está desligado
INFO:  Teraphone F1 ligando...
Error:  Teraphone F1 Já está ligado!
INFO:  Teraphone F1 ligando...
INFO:  Teraphone F1 Está conectado!!
Error:  Teraphone F1 Já está conectado!!!
INFO: Teraphone F1 foi  desconectado com sucesso
INFO:  Teraphone F1 ligando...
INFO:  Teraphone F1 Está conectado!!
Error:  Teraphone F1 Já está conectado!!!
INFO: Teraphone F1 foi  desconectado com sucesso
INFO:  Teraphone F1 desligando....
INFO:  Teraphone F1 ligando...
INFO:  Teraphone F1 Está conectado!!
Error:  Teraphone F1 Já está conectado!!!
INFO: Teraphone F1 foi  desconectado com sucesso
INFO:  Teraphone F1 desligando....
INFO:  Teraphone F1 ligando...
INFO:  Teraphone F1 Está conectado!!
Error:  Teraphone F1 Já está conectado!!!
INFO: Teraphone F1 foi  desconectado com sucesso
INFO:  Teraphone F1 desligando....
